# JRE version: OpenJDK Runtime Environment Temurin-17.0.3+7 (17.0.3+7) (build 17.0.3+7)
# Java VM: OpenJDK 64-Bit Server VM Temurin-17.0.3+7 (17.0.3+7, mixed mode, tiered, compressed oops, compressed class ptrs, parallel gc, windows-amd64)
GC Precious Log:
 CPUs: 2 total, 2 available
 Memory: 3902M
 Large Page Support: Disabled
 NUMA Support: Disabled
 Compressed Oops: Enabled (32-bit)
 Alignments: Space 512K, Generation 512K, Heap 2M
 Heap Min Capacity: 100M
 Heap Initial Capacity: 100M
 Heap Max Capacity: 1G
 Pre-touch: Disabled
 Parallel Workers: 2
Heap:
 PSYoungGen      total 24576K, used 19988K [0x00000000eab00000, 0x00000000ec680000, 0x0000000100000000)
  eden space 22016K, 79% used [0x00000000eab00000,0x00000000ebc250d8,0x00000000ec080000)
  from space 2560K, 95% used [0x00000000ec400000,0x00000000ec660010,0x00000000ec680000)
  to   space 3072K, 0% used [0x00000000ec080000,0x00000000ec080000,0x00000000ec380000)
 ParOldGen       total 68608K, used 24744K [0x00000000c0000000, 0x00000000c4300000, 0x00000000eab00000)
  object space 68608K, 36% used [0x00000000c0000000,0x00000000c182a338,0x00000000c4300000)
 Metaspace       used 48632K, committed 49280K, reserved 1097728K
  class space    used 5170K, committed 5440K, reserved 1048576K
GC Heap History (20 events):
Event: 33.136 GC heap before
{Heap before GC invocations=5 (full 1):
 PSYoungGen      total 29696K, used 25600K [0x00000000eab00000, 0x00000000ecc00000, 0x0000000100000000)
  eden space 25600K, 100% used [0x00000000eab00000,0x00000000ec400000,0x00000000ec400000)
  from space 4096K, 0% used [0x00000000ec400000,0x00000000ec400000,0x00000000ec800000)
  to   space 4096K, 0% used [0x00000000ec800000,0x00000000ec800000,0x00000000ecc00000)
 ParOldGen       total 68608K, used 9392K [0x00000000c0000000, 0x00000000c4300000, 0x00000000eab00000)
  object space 68608K, 13% used [0x00000000c0000000,0x00000000c092c138,0x00000000c4300000)
 Metaspace       used 29848K, committed 30272K, reserved 1081344K
  class space    used 3028K, committed 3200K, reserved 1048576K
}
Event: 33.140 GC heap after
{Heap after GC invocations=5 (full 1):
 PSYoungGen      total 29696K, used 1943K [0x00000000eab00000, 0x00000000ecc00000, 0x0000000100000000)
  eden space 25600K, 0% used [0x00000000eab00000,0x00000000eab00000,0x00000000ec400000)
  from space 4096K, 47% used [0x00000000ec800000,0x00000000ec9e5f90,0x00000000ecc00000)
  to   space 4096K, 0% used [0x00000000ec400000,0x00000000ec400000,0x00000000ec800000)
 ParOldGen       total 68608K, used 9392K [0x00000000c0000000, 0x00000000c4300000, 0x00000000eab00000)
  object space 68608K, 13% used [0x00000000c0000000,0x00000000c092c138,0x00000000c4300000)
 Metaspace       used 29848K, committed 30272K, reserved 1081344K
  class space    used 3028K, committed 3200K, reserved 1048576K
}
Event: 42.854 GC heap before
{Heap before GC invocations=6 (full 1):
 PSYoungGen      total 29696K, used 27543K [0x00000000eab00000, 0x00000000ecc00000, 0x0000000100000000)
  eden space 25600K, 100% used [0x00000000eab00000,0x00000000ec400000,0x00000000ec400000)
  from space 4096K, 47% used [0x00000000ec800000,0x00000000ec9e5f90,0x00000000ecc00000)
  to   space 4096K, 0% used [0x00000000ec400000,0x00000000ec400000,0x00000000ec800000)
 ParOldGen       total 68608K, used 9392K [0x00000000c0000000, 0x00000000c4300000, 0x00000000eab00000)
  object space 68608K, 13% used [0x00000000c0000000,0x00000000c092c138,0x00000000c4300000)
 Metaspace       used 33573K, committed 34048K, reserved 1081344K
  class space    used 3441K, committed 3648K, reserved 1048576K
}
Event: 42.860 GC heap after
{Heap after GC invocations=6 (full 1):
 PSYoungGen      total 28672K, used 3512K [0x00000000eab00000, 0x00000000ecb80000, 0x0000000100000000)
  eden space 25088K, 0% used [0x00000000eab00000,0x00000000eab00000,0x00000000ec380000)
  from space 3584K, 98% used [0x00000000ec400000,0x00000000ec76e260,0x00000000ec780000)
  to   space 4096K, 0% used [0x00000000ec780000,0x00000000ec780000,0x00000000ecb80000)
 ParOldGen       total 68608K, used 9400K [0x00000000c0000000, 0x00000000c4300000, 0x00000000eab00000)
  object space 68608K, 13% used [0x00000000c0000000,0x00000000c092e138,0x00000000c4300000)
 Metaspace       used 33573K, committed 34048K, reserved 1081344K
  class space    used 3441K, committed 3648K, reserved 1048576K
}
Event: 44.559 GC heap before
{Heap before GC invocations=7 (full 1):
 PSYoungGen      total 28672K, used 9815K [0x00000000eab00000, 0x00000000ecb80000, 0x0000000100000000)
  eden space 25088K, 25% used [0x00000000eab00000,0x00000000eb127d58,0x00000000ec380000)
  from space 3584K, 98% used [0x00000000ec400000,0x00000000ec76e260,0x00000000ec780000)
  to   space 4096K, 0% used [0x00000000ec780000,0x00000000ec780000,0x00000000ecb80000)
 ParOldGen       total 68608K, used 9400K [0x00000000c0000000, 0x00000000c4300000, 0x00000000eab00000)
  object space 68608K, 13% used [0x00000000c0000000,0x00000000c092e138,0x00000000c4300000)
 Metaspace       used 35269K, committed 35840K, reserved 1081344K
  class space    used 3660K, committed 3904K, reserved 1048576K
}
Event: 44.566 GC heap after
{Heap after GC invocations=7 (full 1):
 PSYoungGen      total 29184K, used 3847K [0x00000000eab00000, 0x00000000ecb80000, 0x0000000100000000)
  eden space 25088K, 0% used [0x00000000eab00000,0x00000000eab00000,0x00000000ec380000)
  from space 4096K, 93% used [0x00000000ec780000,0x00000000ecb41f10,0x00000000ecb80000)
  to   space 4096K, 0% used [0x00000000ec380000,0x00000000ec380000,0x00000000ec780000)
 ParOldGen       total 68608K, used 9408K [0x00000000c0000000, 0x00000000c4300000, 0x00000000eab00000)
  object space 68608K, 13% used [0x00000000c0000000,0x00000000c0930138,0x00000000c4300000)
 Metaspace       used 35269K, committed 35840K, reserved 1081344K
  class space    used 3660K, committed 3904K, reserved 1048576K
}
Event: 44.566 GC heap before
{Heap before GC invocations=8 (full 2):
 PSYoungGen      total 29184K, used 3847K [0x00000000eab00000, 0x00000000ecb80000, 0x0000000100000000)
  eden space 25088K, 0% used [0x00000000eab00000,0x00000000eab00000,0x00000000ec380000)
  from space 4096K, 93% used [0x00000000ec780000,0x00000000ecb41f10,0x00000000ecb80000)
  to   space 4096K, 0% used [0x00000000ec380000,0x00000000ec380000,0x00000000ec780000)
 ParOldGen       total 68608K, used 9408K [0x00000000c0000000, 0x00000000c4300000, 0x00000000eab00000)
  object space 68608K, 13% used [0x00000000c0000000,0x00000000c0930138,0x00000000c4300000)
 Metaspace       used 35269K, committed 35840K, reserved 1081344K
  class space    used 3660K, committed 3904K, reserved 1048576K
}
Event: 44.647 GC heap after
{Heap after GC invocations=8 (full 2):
 PSYoungGen      total 29184K, used 0K [0x00000000eab00000, 0x00000000ecb80000, 0x0000000100000000)
  eden space 25088K, 0% used [0x00000000eab00000,0x00000000eab00000,0x00000000ec380000)
  from space 4096K, 0% used [0x00000000ec780000,0x00000000ec780000,0x00000000ecb80000)
  to   space 4096K, 0% used [0x00000000ec380000,0x00000000ec380000,0x00000000ec780000)
 ParOldGen       total 68608K, used 12096K [0x00000000c0000000, 0x00000000c4300000, 0x00000000eab00000)
  object space 68608K, 17% used [0x00000000c0000000,0x00000000c0bd0060,0x00000000c4300000)
 Metaspace       used 35269K, committed 35840K, reserved 1081344K
  class space    used 3660K, committed 3904K, reserved 1048576K
}
Event: 54.422 GC heap before
{Heap before GC invocations=9 (full 2):
 PSYoungGen      total 29184K, used 25088K [0x00000000eab00000, 0x00000000ecb80000, 0x0000000100000000)
  eden space 25088K, 100% used [0x00000000eab00000,0x00000000ec380000,0x00000000ec380000)
  from space 4096K, 0% used [0x00000000ec780000,0x00000000ec780000,0x00000000ecb80000)
  to   space 4096K, 0% used [0x00000000ec380000,0x00000000ec380000,0x00000000ec780000)
 ParOldGen       total 68608K, used 12096K [0x00000000c0000000, 0x00000000c4300000, 0x00000000eab00000)
  object space 68608K, 17% used [0x00000000c0000000,0x00000000c0bd0060,0x00000000c4300000)
 Metaspace       used 41980K, committed 42688K, reserved 1089536K
  class space    used 4511K, committed 4800K, reserved 1048576K
}
Event: 54.429 GC heap after
{Heap after GC invocations=9 (full 2):
 PSYoungGen      total 27648K, used 2575K [0x00000000eab00000, 0x00000000ec900000, 0x0000000100000000)
  eden space 24576K, 0% used [0x00000000eab00000,0x00000000eab00000,0x00000000ec300000)
  from space 3072K, 83% used [0x00000000ec380000,0x00000000ec603ea8,0x00000000ec680000)
  to   space 2560K, 0% used [0x00000000ec680000,0x00000000ec680000,0x00000000ec900000)
 ParOldGen       total 68608K, used 12096K [0x00000000c0000000, 0x00000000c4300000, 0x00000000eab00000)
  object space 68608K, 17% used [0x00000000c0000000,0x00000000c0bd0060,0x00000000c4300000)
 Metaspace       used 41980K, committed 42688K, reserved 1089536K
  class space    used 4511K, committed 4800K, reserved 1048576K
}
Event: 65.021 GC heap before
{Heap before GC invocations=10 (full 2):
 PSYoungGen      total 27648K, used 27151K [0x00000000eab00000, 0x00000000ec900000, 0x0000000100000000)
  eden space 24576K, 100% used [0x00000000eab00000,0x00000000ec300000,0x00000000ec300000)
  from space 3072K, 83% used [0x00000000ec380000,0x00000000ec603ea8,0x00000000ec680000)
  to   space 2560K, 0% used [0x00000000ec680000,0x00000000ec680000,0x00000000ec900000)
 ParOldGen       total 68608K, used 12096K [0x00000000c0000000, 0x00000000c4300000, 0x00000000eab00000)
  object space 68608K, 17% used [0x00000000c0000000,0x00000000c0bd0060,0x00000000c4300000)
 Metaspace       used 44373K, committed 45056K, reserved 1089536K
  class space    used 4780K, committed 5056K, reserved 1048576K
}
Event: 65.036 GC heap after
{Heap after GC invocations=10 (full 2):
 PSYoungGen      total 24576K, used 2545K [0x00000000eab00000, 0x00000000ece80000, 0x0000000100000000)
  eden space 22016K, 0% used [0x00000000eab00000,0x00000000eab00000,0x00000000ec080000)
  from space 2560K, 99% used [0x00000000ec680000,0x00000000ec8fc760,0x00000000ec900000)
  to   space 6144K, 0% used [0x00000000ec080000,0x00000000ec080000,0x00000000ec680000)
 ParOldGen       total 68608K, used 15079K [0x00000000c0000000, 0x00000000c4300000, 0x00000000eab00000)
  object space 68608K, 21% used [0x00000000c0000000,0x00000000c0eb9f88,0x00000000c4300000)
 Metaspace       used 44373K, committed 45056K, reserved 1089536K
  class space    used 4780K, committed 5056K, reserved 1048576K
}
Event: 66.118 GC heap before
{Heap before GC invocations=11 (full 2):
 PSYoungGen      total 24576K, used 24561K [0x00000000eab00000, 0x00000000ece80000, 0x0000000100000000)
  eden space 22016K, 100% used [0x00000000eab00000,0x00000000ec080000,0x00000000ec080000)
  from space 2560K, 99% used [0x00000000ec680000,0x00000000ec8fc760,0x00000000ec900000)
  to   space 6144K, 0% used [0x00000000ec080000,0x00000000ec080000,0x00000000ec680000)
 ParOldGen       total 68608K, used 15079K [0x00000000c0000000, 0x00000000c4300000, 0x00000000eab00000)
  object space 68608K, 21% used [0x00000000c0000000,0x00000000c0eb9f88,0x00000000c4300000)
 Metaspace       used 44585K, committed 45312K, reserved 1089536K
  class space    used 4798K, committed 5120K, reserved 1048576K
}
Event: 66.129 GC heap after
{Heap after GC invocations=11 (full 2):
 PSYoungGen      total 27136K, used 4689K [0x00000000eab00000, 0x00000000eca80000, 0x0000000100000000)
  eden space 22016K, 0% used [0x00000000eab00000,0x00000000eab00000,0x00000000ec080000)
  from space 5120K, 91% used [0x00000000ec080000,0x00000000ec514770,0x00000000ec580000)
  to   space 5120K, 0% used [0x00000000ec580000,0x00000000ec580000,0x00000000eca80000)
 ParOldGen       total 68608K, used 15079K [0x00000000c0000000, 0x00000000c4300000, 0x00000000eab00000)
  object space 68608K, 21% used [0x00000000c0000000,0x00000000c0eb9f88,0x00000000c4300000)
 Metaspace       used 44585K, committed 45312K, reserved 1089536K
  class space    used 4798K, committed 5120K, reserved 1048576K
}
Event: 67.001 GC heap before
{Heap before GC invocations=12 (full 2):
 PSYoungGen      total 27136K, used 26705K [0x00000000eab00000, 0x00000000eca80000, 0x0000000100000000)
  eden space 22016K, 100% used [0x00000000eab00000,0x00000000ec080000,0x00000000ec080000)
  from space 5120K, 91% used [0x00000000ec080000,0x00000000ec514770,0x00000000ec580000)
  to   space 5120K, 0% used [0x00000000ec580000,0x00000000ec580000,0x00000000eca80000)
 ParOldGen       total 68608K, used 15079K [0x00000000c0000000, 0x00000000c4300000, 0x00000000eab00000)
  object space 68608K, 21% used [0x00000000c0000000,0x00000000c0eb9f88,0x00000000c4300000)
 Metaspace       used 44655K, committed 45376K, reserved 1097728K
  class space    used 4811K, committed 5120K, reserved 1048576K
}
Event: 67.018 GC heap after
{Heap after GC invocations=12 (full 2):
 PSYoungGen      total 27136K, used 4736K [0x00000000eab00000, 0x00000000eca80000, 0x0000000100000000)
  eden space 22016K, 0% used [0x00000000eab00000,0x00000000eab00000,0x00000000ec080000)
  from space 5120K, 92% used [0x00000000ec580000,0x00000000eca20020,0x00000000eca80000)
  to   space 5120K, 0% used [0x00000000ec080000,0x00000000ec080000,0x00000000ec580000)
 ParOldGen       total 68608K, used 17629K [0x00000000c0000000, 0x00000000c4300000, 0x00000000eab00000)
  object space 68608K, 25% used [0x00000000c0000000,0x00000000c1137420,0x00000000c4300000)
 Metaspace       used 44655K, committed 45376K, reserved 1097728K
  class space    used 4811K, committed 5120K, reserved 1048576K
}
Event: 67.203 GC heap before
{Heap before GC invocations=13 (full 2):
 PSYoungGen      total 27136K, used 26752K [0x00000000eab00000, 0x00000000eca80000, 0x0000000100000000)
  eden space 22016K, 100% used [0x00000000eab00000,0x00000000ec080000,0x00000000ec080000)
  from space 5120K, 92% used [0x00000000ec580000,0x00000000eca20020,0x00000000eca80000)
  to   space 5120K, 0% used [0x00000000ec080000,0x00000000ec080000,0x00000000ec580000)
 ParOldGen       total 68608K, used 17629K [0x00000000c0000000, 0x00000000c4300000, 0x00000000eab00000)
  object space 68608K, 25% used [0x00000000c0000000,0x00000000c1137420,0x00000000c4300000)
 Metaspace       used 44656K, committed 45376K, reserved 1097728K
  class space    used 4811K, committed 5120K, reserved 1048576K
}
Event: 67.221 GC heap after
{Heap after GC invocations=13 (full 2):
 PSYoungGen      total 24576K, used 2400K [0x00000000eab00000, 0x00000000ec780000, 0x0000000100000000)
  eden space 22016K, 0% used [0x00000000eab00000,0x00000000eab00000,0x00000000ec080000)
  from space 2560K, 93% used [0x00000000ec080000,0x00000000ec2d8000,0x00000000ec300000)
  to   space 3584K, 0% used [0x00000000ec400000,0x00000000ec400000,0x00000000ec780000)
 ParOldGen       total 68608K, used 22352K [0x00000000c0000000, 0x00000000c4300000, 0x00000000eab00000)
  object space 68608K, 32% used [0x00000000c0000000,0x00000000c15d4338,0x00000000c4300000)
 Metaspace       used 44656K, committed 45376K, reserved 1097728K
  class space    used 4811K, committed 5120K, reserved 1048576K
}
Event: 67.562 GC heap before
{Heap before GC invocations=14 (full 2):
 PSYoungGen      total 24576K, used 24416K [0x00000000eab00000, 0x00000000ec780000, 0x0000000100000000)
  eden space 22016K, 100% used [0x00000000eab00000,0x00000000ec080000,0x00000000ec080000)
  from space 2560K, 93% used [0x00000000ec080000,0x00000000ec2d8000,0x00000000ec300000)
  to   space 3584K, 0% used [0x00000000ec400000,0x00000000ec400000,0x00000000ec780000)
 ParOldGen       total 68608K, used 22352K [0x00000000c0000000, 0x00000000c4300000, 0x00000000eab00000)
  object space 68608K, 32% used [0x00000000c0000000,0x00000000c15d4338,0x00000000c4300000)
 Metaspace       used 44657K, committed 45376K, reserved 1097728K
  class space    used 4811K, committed 5120K, reserved 1048576K
}
Event: 67.576 GC heap after
{Heap after GC invocations=14 (full 2):
 PSYoungGen      total 24576K, used 2432K [0x00000000eab00000, 0x00000000ec680000, 0x0000000100000000)
  eden space 22016K, 0% used [0x00000000eab00000,0x00000000eab00000,0x00000000ec080000)
  from space 2560K, 95% used [0x00000000ec400000,0x00000000ec660010,0x00000000ec680000)
  to   space 3072K, 0% used [0x00000000ec080000,0x00000000ec080000,0x00000000ec380000)
 ParOldGen       total 68608K, used 24744K [0x00000000c0000000, 0x00000000c4300000, 0x00000000eab00000)
  object space 68608K, 36% used [0x00000000c0000000,0x00000000c182a338,0x00000000c4300000)
 Metaspace       used 44657K, committed 45376K, reserved 1097728K
  class space    used 4811K, committed 5120K, reserved 1048576K
}

